<?xml version="1.0" encoding="UTF-8"?>
<!-- Generated by org.testng.reporters.JUnitXMLReporter -->
<testsuite ignored="0" hostname="Lenovo-PC" failures="0" tests="3" name="Default test" time="45.95" errors="0" timestamp="2025-02-22T16:26:27 IST">
  <testcase classname="Harsh_Project.Selenium_Framework_Harsh.ShopPage_with_framework" name="Mobile_Shop1" time="9.71"/>
  <testcase classname="Harsh_Project.Selenium_Framework_Harsh.ShopPage_with_framework" name="Mobile_Shop1" time="9.758"/>
  <testcase classname="Harsh_Project.Selenium_Framework_Harsh.ShopPage_with_framework" name="Mobile_Shop2" time="8.364"/>
</testsuite> <!-- Default test -->
