<?xml version="1.0" encoding="UTF-8"?>
<!-- Generated by org.testng.reporters.JUnitXMLReporter -->
<testsuite ignored="0" hostname="Lenovo-PC" failures="0" tests="4" name="Test" time="55.884" errors="0" timestamp="2025-05-04T18:33:31 IST">
  <testcase classname="Harsh_Project.Test_Components.BaseTest" name="@BeforeMethod launching_form_filling_page" time="47.519">
    <failure type="org.openqa.selenium.SessionNotCreatedException" message="Could not start a new session. Possible causes are invalid address of the remote server or browser start-up failure. 
Host info: host: &amp;apos;LENOVO-PC&amp;apos;, ip: &amp;apos;192.168.50.19&amp;apos;">
      <![CDATA[org.openqa.selenium.SessionNotCreatedException: Could not start a new session. Possible causes are invalid address of the remote server or browser start-up failure. 
Host info: host: 'LENOVO-PC', ip: '192.168.50.19'
at org.openqa.selenium.remote.RemoteWebDriver.execute(RemoteWebDriver.java:536)
at org.openqa.selenium.remote.RemoteWebDriver.startSession(RemoteWebDriver.java:232)
at org.openqa.selenium.remote.RemoteWebDriver.<init>(RemoteWebDriver.java:161)
at org.openqa.selenium.firefox.FirefoxDriver.<init>(FirefoxDriver.java:155)
at org.openqa.selenium.firefox.FirefoxDriver.<init>(FirefoxDriver.java:150)
at org.openqa.selenium.firefox.FirefoxDriver.<init>(FirefoxDriver.java:132)
at org.openqa.selenium.firefox.FirefoxDriver.<init>(FirefoxDriver.java:127)
at org.openqa.selenium.firefox.FirefoxDriver.<init>(FirefoxDriver.java:112)
at Harsh_Project.Test_Components.BaseTest.initializeDriver(BaseTest.java:60)
at Harsh_Project.Test_Components.BaseTest.launching_form_filling_page(BaseTest.java:78)
at java.base/java.util.concurrent.ThreadPoolExecutor.runWorker(ThreadPoolExecutor.java:1136)
at java.base/java.util.concurrent.ThreadPoolExecutor$Worker.run(ThreadPoolExecutor.java:635)
at java.base/java.lang.Thread.run(Thread.java:840)
Caused by: org.openqa.selenium.WebDriverException: Driver server process died prematurely.
Build info: version: '4.22.0', revision: 'c5f3146703*'
System info: os.name: 'Windows 7', os.arch: 'amd64', os.version: '6.1', java.version: '17.0.10'
Driver info: driver.version: FirefoxDriver
at org.openqa.selenium.remote.service.DriverService.start(DriverService.java:246)
at org.openqa.selenium.remote.service.DriverCommandExecutor.execute(DriverCommandExecutor.java:117)
at org.openqa.selenium.remote.RemoteWebDriver.execute(RemoteWebDriver.java:518)
... 28 more
... Removed 16 stack frames]]>
    </failure>
  </testcase> <!-- @BeforeMethod launching_form_filling_page -->
  <testcase classname="Harsh_Project.Test_Components.BaseTest" name="@AfterMethod tearDowwn" time="-1.746363803469E9">
    <skipped/>
  </testcase> <!-- @AfterMethod tearDowwn -->
  <testcase classname="Harsh_Project.Test_Components.BaseTest" name="@BeforeMethod launching_form_filling_page" time="-1.74636380347E9">
    <skipped/>
  </testcase> <!-- @BeforeMethod launching_form_filling_page -->
  <testcase classname="Harsh_Project.Test_Components.BaseTest" name="@AfterMethod tearDowwn" time="-1.746363803473E9">
    <skipped/>
  </testcase> <!-- @AfterMethod tearDowwn -->
  <testcase classname="Harsh_Project.Test_Components.BaseTest" name="@BeforeMethod launching_form_filling_page" time="-1.746363803475E9">
    <skipped/>
  </testcase> <!-- @BeforeMethod launching_form_filling_page -->
  <testcase classname="Harsh_Project.Test_Components.BaseTest" name="@AfterMethod tearDowwn" time="-1.746363803491E9">
    <skipped/>
  </testcase> <!-- @AfterMethod tearDowwn -->
  <testcase classname="Harsh_Project.Selenium_Framework_Harsh.ShopPage_with_framework" name="Mobile_Shop1" time="0.0">
    <skipped/>
  </testcase> <!-- Mobile_Shop1 -->
  <testcase classname="Harsh_Project.Selenium_Framework_Harsh.ShopPage_with_framework" name="Mobile_Shop1" time="0.0">
    <skipped/>
  </testcase> <!-- Mobile_Shop1 -->
  <testcase classname="Harsh_Project.Selenium_Framework_Harsh.ShopPage_with_framework" name="Mobile_Shop2" time="0.0">
    <skipped/>
  </testcase> <!-- Mobile_Shop2 -->
  <testcase classname="Harsh_Project.Selenium_Framework_Harsh.ShopPage" name="PageShop" time="55.803"/>
</testsuite> <!-- Test -->
