<?xml version="1.0" encoding="UTF-8"?>
<!-- Generated by org.testng.reporters.JUnitXMLReporter -->
<testsuite ignored="0" hostname="Lenovo-PC" failures="0" tests="4" name="Test" time="56.428" errors="0" timestamp="2025-04-20T20:50:51 IST">
  <testcase classname="Harsh_Project.Selenium_Framework_Harsh.ShopPage_with_framework" name="Mobile_Shop1" time="11.717"/>
  <testcase classname="Harsh_Project.Selenium_Framework_Harsh.ShopPage" name="PageShop" time="20.724"/>
  <testcase classname="Harsh_Project.Selenium_Framework_Harsh.ShopPage_with_framework" name="Mobile_Shop1" time="12.648"/>
  <testcase classname="Harsh_Project.Selenium_Framework_Harsh.ShopPage_with_framework" name="Mobile_Shop2" time="12.7"/>
</testsuite> <!-- Test -->
