<?xml version="1.0" encoding="UTF-8"?>
<testng-results ignored="0" total="4" passed="4" failed="0" skipped="0">
  <reporter-output>
  </reporter-output>
  <suite started-at="2025-04-20T20:49:55 IST" name="Suite" finished-at="2025-04-20T20:50:51 IST" duration-ms="56428">
    <groups>
    </groups>
    <test started-at="2025-04-20T20:49:55 IST" name="Test" finished-at="2025-04-20T20:50:51 IST" duration-ms="56428">
      <class name="Harsh_Project.Selenium_Framework_Harsh.ShopPage_with_framework">
        <test-method is-config="true" signature="launching_form_filling_page()[pri:0, instance:Harsh_Project.Selenium_Framework_Harsh.ShopPage_with_framework@8f4ea7c]" started-at="2025-04-20T20:49:55 IST" name="launching_form_filling_page" finished-at="2025-04-20T20:50:03 IST" duration-ms="7859" status="PASS">
          <reporter-output>
          </reporter-output>
        </test-method> <!-- launching_form_filling_page -->
        <test-method signature="Mobile_Shop1(java.util.HashMap)[pri:0, instance:Harsh_Project.Selenium_Framework_Harsh.ShopPage_with_framework@8f4ea7c]" started-at="2025-04-20T20:50:03 IST" name="Mobile_Shop1" data-provider="getData" finished-at="2025-04-20T20:50:15 IST" duration-ms="11717" status="PASS">
          <params>
            <param index="0">
              <value>
                <![CDATA[{name=Harsh Vibhor Singh, country=India, password=thug, mobilename=Nokia Edge, success_message=Success! Thank you! Your order will be delivered in next few weeks :-)., email=thug@tcs.com}]]>
              </value>
            </param>
          </params>
          <reporter-output>
          </reporter-output>
        </test-method> <!-- Mobile_Shop1 -->
        <test-method is-config="true" signature="tearDowwn()[pri:0, instance:Harsh_Project.Selenium_Framework_Harsh.ShopPage_with_framework@8f4ea7c]" started-at="2025-04-20T20:50:15 IST" name="tearDowwn" finished-at="2025-04-20T20:50:15 IST" duration-ms="197" status="PASS">
          <reporter-output>
          </reporter-output>
        </test-method> <!-- tearDowwn -->
        <test-method is-config="true" signature="launching_form_filling_page()[pri:0, instance:Harsh_Project.Selenium_Framework_Harsh.ShopPage_with_framework@8f4ea7c]" started-at="2025-04-20T20:50:15 IST" name="launching_form_filling_page" finished-at="2025-04-20T20:50:21 IST" duration-ms="6205" status="PASS">
          <reporter-output>
          </reporter-output>
        </test-method> <!-- launching_form_filling_page -->
        <test-method signature="Mobile_Shop1(java.util.HashMap)[pri:0, instance:Harsh_Project.Selenium_Framework_Harsh.ShopPage_with_framework@8f4ea7c]" started-at="2025-04-20T20:50:21 IST" name="Mobile_Shop1" data-provider="getData" finished-at="2025-04-20T20:50:34 IST" duration-ms="12648" status="PASS">
          <params>
            <param index="0">
              <value>
                <![CDATA[{name=Harsh Vibhor Singh, country=China, password=thug, mobilename=Blackberry, success_message=Success! Thank you! Your order will be delivered in next few weeks :-)., email=thug@tcs.com}]]>
              </value>
            </param>
          </params>
          <reporter-output>
          </reporter-output>
        </test-method> <!-- Mobile_Shop1 -->
        <test-method is-config="true" signature="tearDowwn()[pri:0, instance:Harsh_Project.Selenium_Framework_Harsh.ShopPage_with_framework@8f4ea7c]" started-at="2025-04-20T20:50:34 IST" name="tearDowwn" finished-at="2025-04-20T20:50:34 IST" duration-ms="128" status="PASS">
          <reporter-output>
          </reporter-output>
        </test-method> <!-- tearDowwn -->
        <test-method is-config="true" signature="launching_form_filling_page()[pri:0, instance:Harsh_Project.Selenium_Framework_Harsh.ShopPage_with_framework@8f4ea7c]" started-at="2025-04-20T20:50:34 IST" name="launching_form_filling_page" finished-at="2025-04-20T20:50:38 IST" duration-ms="4272" status="PASS">
          <reporter-output>
          </reporter-output>
        </test-method> <!-- launching_form_filling_page -->
        <test-method signature="Mobile_Shop2()[pri:0, instance:Harsh_Project.Selenium_Framework_Harsh.ShopPage_with_framework@8f4ea7c]" started-at="2025-04-20T20:50:38 IST" name="Mobile_Shop2" finished-at="2025-04-20T20:50:51 IST" duration-ms="12700" status="PASS">
          <reporter-output>
          </reporter-output>
        </test-method> <!-- Mobile_Shop2 -->
        <test-method is-config="true" signature="tearDowwn()[pri:0, instance:Harsh_Project.Selenium_Framework_Harsh.ShopPage_with_framework@8f4ea7c]" started-at="2025-04-20T20:50:51 IST" name="tearDowwn" finished-at="2025-04-20T20:50:51 IST" duration-ms="241" status="PASS">
          <reporter-output>
          </reporter-output>
        </test-method> <!-- tearDowwn -->
      </class> <!-- Harsh_Project.Selenium_Framework_Harsh.ShopPage_with_framework -->
      <class name="Harsh_Project.Selenium_Framework_Harsh.ShopPage">
        <test-method signature="PageShop()[pri:0, instance:Harsh_Project.Selenium_Framework_Harsh.ShopPage@3a93b025]" started-at="2025-04-20T20:49:55 IST" name="PageShop" finished-at="2025-04-20T20:50:15 IST" duration-ms="20724" status="PASS">
          <reporter-output>
          </reporter-output>
        </test-method> <!-- PageShop -->
      </class> <!-- Harsh_Project.Selenium_Framework_Harsh.ShopPage -->
    </test> <!-- Test -->
  </suite> <!-- Suite -->
</testng-results>
