<?xml version="1.0" encoding="UTF-8"?>
<testng-results ignored="0" total="3" passed="3" failed="0" skipped="0">
  <reporter-output>
  </reporter-output>
  <suite started-at="2025-02-22T16:25:41 IST" name="Default suite" finished-at="2025-02-22T16:26:27 IST" duration-ms="45950">
    <groups>
    </groups>
    <test started-at="2025-02-22T16:25:41 IST" name="Default test" finished-at="2025-02-22T16:26:27 IST" duration-ms="45950">
      <class name="Harsh_Project.Selenium_Framework_Harsh.ShopPage_with_framework">
        <test-method is-config="true" signature="launching_form_filling_page()[pri:0, instance:Harsh_Project.Selenium_Framework_Harsh.ShopPage_with_framework@2e385cce]" started-at="2025-02-22T16:25:41 IST" name="launching_form_filling_page" finished-at="2025-02-22T16:25:47 IST" duration-ms="6285" status="PASS">
          <reporter-output>
          </reporter-output>
        </test-method> <!-- launching_form_filling_page -->
        <test-method signature="Mobile_Shop1(java.util.HashMap)[pri:0, instance:Harsh_Project.Selenium_Framework_Harsh.ShopPage_with_framework@2e385cce]" started-at="2025-02-22T16:25:47 IST" name="Mobile_Shop1" data-provider="getData" finished-at="2025-02-22T16:25:57 IST" duration-ms="9710" status="PASS">
          <params>
            <param index="0">
              <value>
                <![CDATA[{country=India, password=thug, success_message=Success! Thank you! Your order will be delivered in next few weeks :-)., name=Harsh Vibhor Singh, mobilename=Nokia Edge, email=thug@tcs.com}]]>
              </value>
            </param>
          </params>
          <reporter-output>
          </reporter-output>
        </test-method> <!-- Mobile_Shop1 -->
        <test-method is-config="true" signature="tearDowwn()[pri:0, instance:Harsh_Project.Selenium_Framework_Harsh.ShopPage_with_framework@2e385cce]" started-at="2025-02-22T16:25:57 IST" name="tearDowwn" finished-at="2025-02-22T16:25:57 IST" duration-ms="443" status="PASS">
          <reporter-output>
          </reporter-output>
        </test-method> <!-- tearDowwn -->
        <test-method is-config="true" signature="launching_form_filling_page()[pri:0, instance:Harsh_Project.Selenium_Framework_Harsh.ShopPage_with_framework@2e385cce]" started-at="2025-02-22T16:25:57 IST" name="launching_form_filling_page" finished-at="2025-02-22T16:26:03 IST" duration-ms="5942" status="PASS">
          <reporter-output>
          </reporter-output>
        </test-method> <!-- launching_form_filling_page -->
        <test-method signature="Mobile_Shop1(java.util.HashMap)[pri:0, instance:Harsh_Project.Selenium_Framework_Harsh.ShopPage_with_framework@2e385cce]" started-at="2025-02-22T16:26:03 IST" name="Mobile_Shop1" data-provider="getData" finished-at="2025-02-22T16:26:13 IST" duration-ms="9758" status="PASS">
          <params>
            <param index="0">
              <value>
                <![CDATA[{country=China, password=thug, success_message=Success! Thank you! Your order will be delivered in next few weeks :-)., name=Harsh Vibhor Singh, mobilename=Blackberry, email=thug@tcs.com}]]>
              </value>
            </param>
          </params>
          <reporter-output>
          </reporter-output>
        </test-method> <!-- Mobile_Shop1 -->
        <test-method is-config="true" signature="tearDowwn()[pri:0, instance:Harsh_Project.Selenium_Framework_Harsh.ShopPage_with_framework@2e385cce]" started-at="2025-02-22T16:26:13 IST" name="tearDowwn" finished-at="2025-02-22T16:26:13 IST" duration-ms="295" status="PASS">
          <reporter-output>
          </reporter-output>
        </test-method> <!-- tearDowwn -->
        <test-method is-config="true" signature="launching_form_filling_page()[pri:0, instance:Harsh_Project.Selenium_Framework_Harsh.ShopPage_with_framework@2e385cce]" started-at="2025-02-22T16:26:13 IST" name="launching_form_filling_page" finished-at="2025-02-22T16:26:18 IST" duration-ms="4122" status="PASS">
          <reporter-output>
          </reporter-output>
        </test-method> <!-- launching_form_filling_page -->
        <test-method signature="Mobile_Shop2()[pri:0, instance:Harsh_Project.Selenium_Framework_Harsh.ShopPage_with_framework@2e385cce]" started-at="2025-02-22T16:26:18 IST" name="Mobile_Shop2" finished-at="2025-02-22T16:26:26 IST" duration-ms="8364" status="PASS">
          <reporter-output>
          </reporter-output>
        </test-method> <!-- Mobile_Shop2 -->
        <test-method is-config="true" signature="tearDowwn()[pri:0, instance:Harsh_Project.Selenium_Framework_Harsh.ShopPage_with_framework@2e385cce]" started-at="2025-02-22T16:26:26 IST" name="tearDowwn" finished-at="2025-02-22T16:26:26 IST" duration-ms="619" status="PASS">
          <reporter-output>
          </reporter-output>
        </test-method> <!-- tearDowwn -->
      </class> <!-- Harsh_Project.Selenium_Framework_Harsh.ShopPage_with_framework -->
    </test> <!-- Default test -->
  </suite> <!-- Default suite -->
</testng-results>
